[ 2018-10-02T00:00:23+08:00 ] ::1 /tp02/index.php/Home/Index/index
INFO: [ app_init ] --START--
INFO: Run Behavior\BuildLiteBehavior [ RunTime:0.000021s ]
INFO: [ app_init ] --END-- [ RunTime:0.000565s ]
INFO: [ app_begin ] --START--
INFO: Run Behavior\ReadHtmlCacheBehavior [ RunTime:0.000897s ]
INFO: [ app_begin ] --END-- [ RunTime:0.000955s ]
SQL: SHOW COLUMNS FROM `tb_high_level` [ RunTime:0.0054s ]
SQL: SELECT * FROM `tb_high_level` WHERE `is_display` = 1 AND `layout` = 'left' ORDER BY sort asc  [ RunTime:0.0005s ]
SQL: SHOW COLUMNS FROM `tb_middle_level` [ RunTime:0.0052s ]
SQL: SELECT * FROM `tb_middle_level` WHERE `high_id` = 9  [ RunTime:0.0005s ]
SQL: SELECT * FROM `tb_middle_level` WHERE `high_id` = 10  [ RunTime:0.0004s ]
SQL: SELECT * FROM `tb_middle_level` WHERE `high_id` = 11  [ RunTime:0.0003s ]
SQL: SELECT * FROM `tb_middle_level` WHERE `high_id` = 12  [ RunTime:0.0003s ]
SQL: SELECT * FROM `tb_middle_level` WHERE `high_id` = 13  [ RunTime:0.0004s ]
SQL: SELECT * FROM `tb_middle_level` WHERE `is_recommend` = 1  [ RunTime:0.0003s ]
SQL: SHOW COLUMNS FROM `tb_datalist` [ RunTime:0.0056s ]
SQL: SELECT * FROM `tb_datalist` WHERE `middle_id` = 16  [ RunTime:0.0005s ]
SQL: SELECT * FROM `tb_datalist` WHERE `middle_id` = 18  [ RunTime:0.0006s ]
SQL: SELECT * FROM `tb_datalist` WHERE `middle_id` = 20  [ RunTime:0.0008s ]
SQL: SELECT * FROM `tb_datalist` WHERE `middle_id` = 24  [ RunTime:0.0005s ]
SQL: SELECT * FROM `tb_datalist` WHERE `middle_id` = 33  [ RunTime:0.0004s ]
SQL: SELECT * FROM `tb_datalist` WHERE `middle_id` = 34  [ RunTime:0.0004s ]
SQL: SHOW COLUMNS FROM `tb_hot` [ RunTime:0.0049s ]
SQL: SELECT * FROM `tb_hot` WHERE `type` = 0 ORDER BY sort  [ RunTime:0.0004s ]
SQL: SELECT * FROM `tb_hot` WHERE `type` = 1 ORDER BY sort  [ RunTime:0.0003s ]
SQL: SELECT * FROM `tb_hot` WHERE `type` = 2 ORDER BY sort  [ RunTime:0.0004s ]
SQL: SELECT * FROM `tb_high_level` WHERE `is_display` = 1 AND `layout` = 'bottom' ORDER BY id asc  [ RunTime:0.0003s ]
SQL: SELECT * FROM `tb_datalist` WHERE `high_id` = 14 AND `is_recommend` = 1  [ RunTime:0.0004s ]
INFO: [ view_parse ] --START--
INFO: [ template_filter ] --START--
INFO: Run Behavior\ContentReplaceBehavior [ RunTime:0.000086s ]
INFO: [ template_filter ] --END-- [ RunTime:0.000147s ]
SQL: SELECT `middle_name` FROM `tb_middle_level` WHERE `id` = 16 LIMIT 1   [ RunTime:0.0004s ]
SQL: SELECT `middle_name` FROM `tb_middle_level` WHERE `id` = 18 LIMIT 1   [ RunTime:0.0003s ]
SQL: SELECT `middle_name` FROM `tb_middle_level` WHERE `id` = 20 LIMIT 1   [ RunTime:0.0003s ]
SQL: SELECT `middle_name` FROM `tb_middle_level` WHERE `id` = 24 LIMIT 1   [ RunTime:0.0003s ]
SQL: SELECT `middle_name` FROM `tb_middle_level` WHERE `id` = 33 LIMIT 1   [ RunTime:0.0003s ]
SQL: SELECT `middle_name` FROM `tb_middle_level` WHERE `id` = 34 LIMIT 1   [ RunTime:0.0003s ]
INFO: Run Behavior\ParseTemplateBehavior [ RunTime:0.019482s ]
INFO: [ view_parse ] --END-- [ RunTime:0.019536s ]
INFO: [ view_filter ] --START--
INFO: Run Behavior\WriteHtmlCacheBehavior [ RunTime:0.000612s ]
INFO: [ view_filter ] --END-- [ RunTime:0.000645s ]
INFO: [ app_end ] --START--
INFO: Run Behavior\ShowPageTraceBehavior [ RunTime:0.001801s ]
INFO: [ app_end ] --END-- [ RunTime:0.001945s ]

[ 2018-10-02T00:00:52+08:00 ] ::1 /tp02/index.php/Home/Index/index
INFO: [ app_init ] --START--
INFO: Run Behavior\BuildLiteBehavior [ RunTime:0.000012s ]
INFO: [ app_init ] --END-- [ RunTime:0.000361s ]
INFO: [ app_begin ] --START--
INFO: Run Behavior\ReadHtmlCacheBehavior [ RunTime:0.001030s ]
INFO: [ app_begin ] --END-- [ RunTime:0.001098s ]
SQL: SHOW COLUMNS FROM `tb_high_level` [ RunTime:0.0054s ]
SQL: SELECT * FROM `tb_high_level` WHERE `is_display` = 1 AND `layout` = 'left' ORDER BY sort asc  [ RunTime:0.0004s ]
SQL: SHOW COLUMNS FROM `tb_middle_level` [ RunTime:0.0055s ]
SQL: SELECT * FROM `tb_middle_level` WHERE `high_id` = 9  [ RunTime:0.0004s ]
SQL: SELECT * FROM `tb_middle_level` WHERE `high_id` = 10  [ RunTime:0.0003s ]
SQL: SELECT * FROM `tb_middle_level` WHERE `high_id` = 11  [ RunTime:0.0004s ]
SQL: SELECT * FROM `tb_middle_level` WHERE `high_id` = 12  [ RunTime:0.0003s ]
SQL: SELECT * FROM `tb_middle_level` WHERE `high_id` = 13  [ RunTime:0.0003s ]
SQL: SELECT * FROM `tb_middle_level` WHERE `is_recommend` = 1  [ RunTime:0.0003s ]
SQL: SHOW COLUMNS FROM `tb_datalist` [ RunTime:0.0049s ]
SQL: SELECT * FROM `tb_datalist` WHERE `middle_id` = 16  [ RunTime:0.0004s ]
SQL: SELECT * FROM `tb_datalist` WHERE `middle_id` = 18  [ RunTime:0.0004s ]
SQL: SELECT * FROM `tb_datalist` WHERE `middle_id` = 20  [ RunTime:0.0004s ]
SQL: SELECT * FROM `tb_datalist` WHERE `middle_id` = 24  [ RunTime:0.0003s ]
SQL: SELECT * FROM `tb_datalist` WHERE `middle_id` = 33  [ RunTime:0.0004s ]
SQL: SELECT * FROM `tb_datalist` WHERE `middle_id` = 34  [ RunTime:0.0003s ]
SQL: SHOW COLUMNS FROM `tb_hot` [ RunTime:0.0049s ]
SQL: SELECT * FROM `tb_hot` WHERE `type` = 0 ORDER BY sort  [ RunTime:0.0005s ]
SQL: SELECT * FROM `tb_hot` WHERE `type` = 1 ORDER BY sort  [ RunTime:0.0004s ]
SQL: SELECT * FROM `tb_hot` WHERE `type` = 2 ORDER BY sort  [ RunTime:0.0004s ]
SQL: SELECT * FROM `tb_high_level` WHERE `is_display` = 1 AND `layout` = 'bottom' ORDER BY id asc  [ RunTime:0.0005s ]
SQL: SELECT * FROM `tb_datalist` WHERE `high_id` = 14 AND `is_recommend` = 1  [ RunTime:0.0004s ]
INFO: [ view_parse ] --START--
INFO: [ template_filter ] --START--
INFO: Run Behavior\ContentReplaceBehavior [ RunTime:0.000093s ]
INFO: [ template_filter ] --END-- [ RunTime:0.000143s ]
SQL: SELECT `middle_name` FROM `tb_middle_level` WHERE `id` = 16 LIMIT 1   [ RunTime:0.0004s ]
SQL: SELECT `middle_name` FROM `tb_middle_level` WHERE `id` = 18 LIMIT 1   [ RunTime:0.0003s ]
SQL: SELECT `middle_name` FROM `tb_middle_level` WHERE `id` = 20 LIMIT 1   [ RunTime:0.0003s ]
SQL: SELECT `middle_name` FROM `tb_middle_level` WHERE `id` = 24 LIMIT 1   [ RunTime:0.0003s ]
SQL: SELECT `middle_name` FROM `tb_middle_level` WHERE `id` = 33 LIMIT 1   [ RunTime:0.0002s ]
SQL: SELECT `middle_name` FROM `tb_middle_level` WHERE `id` = 34 LIMIT 1   [ RunTime:0.0003s ]
INFO: Run Behavior\ParseTemplateBehavior [ RunTime:0.019875s ]
INFO: [ view_parse ] --END-- [ RunTime:0.019915s ]
INFO: [ view_filter ] --START--
INFO: Run Behavior\WriteHtmlCacheBehavior [ RunTime:0.000579s ]
INFO: [ view_filter ] --END-- [ RunTime:0.000613s ]
INFO: [ app_end ] --START--
INFO: Run Behavior\ShowPageTraceBehavior [ RunTime:0.001326s ]
INFO: [ app_end ] --END-- [ RunTime:0.001434s ]

[ 2018-10-02T00:01:35+08:00 ] ::1 /tp02/index.php/Home/Index/index
INFO: [ app_init ] --START--
INFO: Run Behavior\BuildLiteBehavior [ RunTime:0.000013s ]
INFO: [ app_init ] --END-- [ RunTime:0.000356s ]
INFO: [ app_begin ] --START--
INFO: Run Behavior\ReadHtmlCacheBehavior [ RunTime:0.000760s ]
INFO: [ app_begin ] --END-- [ RunTime:0.000810s ]
SQL: SHOW COLUMNS FROM `tb_high_level` [ RunTime:0.0300s ]
SQL: SELECT * FROM `tb_high_level` WHERE `is_display` = 1 AND `layout` = 'left' ORDER BY sort asc  [ RunTime:0.0004s ]
SQL: SHOW COLUMNS FROM `tb_middle_level` [ RunTime:0.0045s ]
SQL: SELECT * FROM `tb_middle_level` WHERE `high_id` = 9  [ RunTime:0.0004s ]
SQL: SELECT * FROM `tb_middle_level` WHERE `high_id` = 10  [ RunTime:0.0004s ]
SQL: SELECT * FROM `tb_middle_level` WHERE `high_id` = 11  [ RunTime:0.0003s ]
SQL: SELECT * FROM `tb_middle_level` WHERE `high_id` = 12  [ RunTime:0.0004s ]
SQL: SELECT * FROM `tb_middle_level` WHERE `high_id` = 13  [ RunTime:0.0003s ]
SQL: SELECT * FROM `tb_middle_level` WHERE `is_recommend` = 1  [ RunTime:0.0004s ]
SQL: SHOW COLUMNS FROM `tb_datalist` [ RunTime:0.0047s ]
SQL: SELECT * FROM `tb_datalist` WHERE `middle_id` = 16  [ RunTime:0.0005s ]
SQL: SELECT * FROM `tb_datalist` WHERE `middle_id` = 18  [ RunTime:0.0004s ]
SQL: SELECT * FROM `tb_datalist` WHERE `middle_id` = 20  [ RunTime:0.0004s ]
SQL: SELECT * FROM `tb_datalist` WHERE `middle_id` = 24  [ RunTime:0.0004s ]
SQL: SELECT * FROM `tb_datalist` WHERE `middle_id` = 33  [ RunTime:0.0004s ]
SQL: SHOW COLUMNS FROM `tb_hot` [ RunTime:0.0045s ]
SQL: SELECT * FROM `tb_hot` WHERE `type` = 0 ORDER BY sort  [ RunTime:0.0004s ]
SQL: SELECT * FROM `tb_hot` WHERE `type` = 1 ORDER BY sort  [ RunTime:0.0004s ]
SQL: SELECT * FROM `tb_hot` WHERE `type` = 2 ORDER BY sort  [ RunTime:0.0004s ]
SQL: SELECT * FROM `tb_high_level` WHERE `is_display` = 1 AND `layout` = 'bottom' ORDER BY id asc  [ RunTime:0.0004s ]
SQL: SELECT * FROM `tb_datalist` WHERE `high_id` = 14 AND `is_recommend` = 1  [ RunTime:0.0004s ]
INFO: [ view_parse ] --START--
INFO: [ template_filter ] --START--
INFO: Run Behavior\ContentReplaceBehavior [ RunTime:0.000086s ]
INFO: [ template_filter ] --END-- [ RunTime:0.000131s ]
SQL: SELECT `middle_name` FROM `tb_middle_level` WHERE `id` = 16 LIMIT 1   [ RunTime:0.0004s ]
SQL: SELECT `middle_name` FROM `tb_middle_level` WHERE `id` = 18 LIMIT 1   [ RunTime:0.0003s ]
SQL: SELECT `middle_name` FROM `tb_middle_level` WHERE `id` = 20 LIMIT 1   [ RunTime:0.0003s ]
SQL: SELECT `middle_name` FROM `tb_middle_level` WHERE `id` = 24 LIMIT 1   [ RunTime:0.0004s ]
SQL: SELECT `middle_name` FROM `tb_middle_level` WHERE `id` = 33 LIMIT 1   [ RunTime:0.0003s ]
INFO: Run Behavior\ParseTemplateBehavior [ RunTime:0.019061s ]
INFO: [ view_parse ] --END-- [ RunTime:0.019106s ]
INFO: [ view_filter ] --START--
INFO: Run Behavior\WriteHtmlCacheBehavior [ RunTime:0.000616s ]
INFO: [ view_filter ] --END-- [ RunTime:0.000650s ]
INFO: [ app_end ] --START--
INFO: Run Behavior\ShowPageTraceBehavior [ RunTime:0.001790s ]
INFO: [ app_end ] --END-- [ RunTime:0.001945s ]

[ 2018-10-02T00:03:26+08:00 ] ::1 /tp02/index.php/Home/Index/index
INFO: [ app_init ] --START--
INFO: Run Behavior\BuildLiteBehavior [ RunTime:0.000013s ]
INFO: [ app_init ] --END-- [ RunTime:0.000359s ]
INFO: [ app_begin ] --START--
INFO: Run Behavior\ReadHtmlCacheBehavior [ RunTime:0.001155s ]
INFO: [ app_begin ] --END-- [ RunTime:0.001517s ]
SQL: SHOW COLUMNS FROM `tb_high_level` [ RunTime:0.0073s ]
SQL: SELECT * FROM `tb_high_level` WHERE `is_display` = 1 AND `layout` = 'left' ORDER BY sort asc  [ RunTime:0.0004s ]
SQL: SHOW COLUMNS FROM `tb_middle_level` [ RunTime:0.0047s ]
SQL: SELECT * FROM `tb_middle_level` WHERE `high_id` = 9  [ RunTime:0.0004s ]
SQL: SELECT * FROM `tb_middle_level` WHERE `high_id` = 10  [ RunTime:0.0003s ]
SQL: SELECT * FROM `tb_middle_level` WHERE `high_id` = 11  [ RunTime:0.0005s ]
SQL: SELECT * FROM `tb_middle_level` WHERE `high_id` = 12  [ RunTime:0.0003s ]
SQL: SELECT * FROM `tb_middle_level` WHERE `high_id` = 13  [ RunTime:0.0004s ]
SQL: SELECT * FROM `tb_middle_level` WHERE `is_recommend` = 1  [ RunTime:0.0003s ]
SQL: SHOW COLUMNS FROM `tb_datalist` [ RunTime:0.0065s ]
SQL: SELECT * FROM `tb_datalist` WHERE `middle_id` = 16  [ RunTime:0.0005s ]
SQL: SELECT * FROM `tb_datalist` WHERE `middle_id` = 18  [ RunTime:0.0004s ]
SQL: SELECT * FROM `tb_datalist` WHERE `middle_id` = 20  [ RunTime:0.0003s ]
SQL: SELECT * FROM `tb_datalist` WHERE `middle_id` = 24  [ RunTime:0.0004s ]
SQL: SELECT * FROM `tb_datalist` WHERE `middle_id` = 33  [ RunTime:0.0004s ]
SQL: SHOW COLUMNS FROM `tb_hot` [ RunTime:0.0052s ]
SQL: SELECT * FROM `tb_hot` WHERE `type` = 0 ORDER BY sort  [ RunTime:0.0006s ]
SQL: SELECT * FROM `tb_hot` WHERE `type` = 1 ORDER BY sort  [ RunTime:0.0004s ]
SQL: SELECT * FROM `tb_hot` WHERE `type` = 2 ORDER BY sort  [ RunTime:0.0004s ]
SQL: SELECT * FROM `tb_high_level` WHERE `is_display` = 1 AND `layout` = 'bottom' ORDER BY id asc  [ RunTime:0.0003s ]
SQL: SELECT * FROM `tb_datalist` WHERE `high_id` = 14 AND `is_recommend` = 1  [ RunTime:0.0004s ]
INFO: [ view_parse ] --START--
INFO: [ template_filter ] --START--
INFO: Run Behavior\ContentReplaceBehavior [ RunTime:0.000086s ]
INFO: [ template_filter ] --END-- [ RunTime:0.000130s ]
SQL: SELECT `middle_name` FROM `tb_middle_level` WHERE `id` = 16 LIMIT 1   [ RunTime:0.0009s ]
SQL: SELECT `middle_name` FROM `tb_middle_level` WHERE `id` = 18 LIMIT 1   [ RunTime:0.0005s ]
SQL: SELECT `middle_name` FROM `tb_middle_level` WHERE `id` = 20 LIMIT 1   [ RunTime:0.0003s ]
SQL: SELECT `middle_name` FROM `tb_middle_level` WHERE `id` = 24 LIMIT 1   [ RunTime:0.0004s ]
SQL: SELECT `middle_name` FROM `tb_middle_level` WHERE `id` = 33 LIMIT 1   [ RunTime:0.0004s ]
INFO: Run Behavior\ParseTemplateBehavior [ RunTime:0.021549s ]
INFO: [ view_parse ] --END-- [ RunTime:0.021589s ]
INFO: [ view_filter ] --START--
INFO: Run Behavior\WriteHtmlCacheBehavior [ RunTime:0.000512s ]
INFO: [ view_filter ] --END-- [ RunTime:0.000545s ]
INFO: [ app_end ] --START--
INFO: Run Behavior\ShowPageTraceBehavior [ RunTime:0.001376s ]
INFO: [ app_end ] --END-- [ RunTime:0.001475s ]

[ 2018-10-02T00:04:49+08:00 ] ::1 /tp02/index.php/Home/Index/index
INFO: [ app_init ] --START--
INFO: Run Behavior\BuildLiteBehavior [ RunTime:0.000015s ]
INFO: [ app_init ] --END-- [ RunTime:0.000512s ]
INFO: [ app_begin ] --START--
INFO: Run Behavior\ReadHtmlCacheBehavior [ RunTime:0.000769s ]
INFO: [ app_begin ] --END-- [ RunTime:0.000826s ]
SQL: SHOW COLUMNS FROM `tb_high_level` [ RunTime:0.0065s ]
SQL: SELECT * FROM `tb_high_level` WHERE `is_display` = 1 AND `layout` = 'left' ORDER BY sort asc  [ RunTime:0.0005s ]
SQL: SHOW COLUMNS FROM `tb_middle_level` [ RunTime:0.0061s ]
SQL: SELECT * FROM `tb_middle_level` WHERE `high_id` = 9  [ RunTime:0.0004s ]
SQL: SELECT * FROM `tb_middle_level` WHERE `high_id` = 10  [ RunTime:0.0003s ]
SQL: SELECT * FROM `tb_middle_level` WHERE `high_id` = 11  [ RunTime:0.0003s ]
SQL: SELECT * FROM `tb_middle_level` WHERE `high_id` = 12  [ RunTime:0.0003s ]
SQL: SELECT * FROM `tb_middle_level` WHERE `high_id` = 13  [ RunTime:0.0003s ]
SQL: SELECT * FROM `tb_middle_level` WHERE `is_recommend` = 1  [ RunTime:0.0004s ]
SQL: SHOW COLUMNS FROM `tb_datalist` [ RunTime:0.0052s ]
SQL: SELECT * FROM `tb_datalist` WHERE `middle_id` = 16  [ RunTime:0.0006s ]
SQL: SELECT * FROM `tb_datalist` WHERE `middle_id` = 18  [ RunTime:0.0004s ]
SQL: SELECT * FROM `tb_datalist` WHERE `middle_id` = 20  [ RunTime:0.0005s ]
SQL: SELECT * FROM `tb_datalist` WHERE `middle_id` = 24  [ RunTime:0.0005s ]
SQL: SELECT * FROM `tb_datalist` WHERE `middle_id` = 33  [ RunTime:0.0005s ]
SQL: SHOW COLUMNS FROM `tb_hot` [ RunTime:0.0051s ]
SQL: SELECT * FROM `tb_hot` WHERE `type` = 0 ORDER BY sort  [ RunTime:0.0005s ]
SQL: SELECT * FROM `tb_hot` WHERE `type` = 1 ORDER BY sort  [ RunTime:0.0004s ]
SQL: SELECT * FROM `tb_hot` WHERE `type` = 2 ORDER BY sort  [ RunTime:0.0004s ]
SQL: SELECT * FROM `tb_high_level` WHERE `is_display` = 1 AND `layout` = 'bottom' ORDER BY id asc  [ RunTime:0.0003s ]
SQL: SELECT * FROM `tb_datalist` WHERE `high_id` = 14 AND `is_recommend` = 1  [ RunTime:0.0004s ]
INFO: [ view_parse ] --START--
INFO: [ template_filter ] --START--
INFO: Run Behavior\ContentReplaceBehavior [ RunTime:0.000102s ]
INFO: [ template_filter ] --END-- [ RunTime:0.000159s ]
SQL: SELECT `middle_name` FROM `tb_middle_level` WHERE `id` = 16 LIMIT 1   [ RunTime:0.0004s ]
SQL: SELECT `middle_name` FROM `tb_middle_level` WHERE `id` = 18 LIMIT 1   [ RunTime:0.0003s ]
SQL: SELECT `middle_name` FROM `tb_middle_level` WHERE `id` = 20 LIMIT 1   [ RunTime:0.0003s ]
SQL: SELECT `middle_name` FROM `tb_middle_level` WHERE `id` = 24 LIMIT 1   [ RunTime:0.0003s ]
SQL: SELECT `middle_name` FROM `tb_middle_level` WHERE `id` = 33 LIMIT 1   [ RunTime:0.0002s ]
INFO: Run Behavior\ParseTemplateBehavior [ RunTime:0.020175s ]
INFO: [ view_parse ] --END-- [ RunTime:0.020240s ]
INFO: [ view_filter ] --START--
INFO: Run Behavior\WriteHtmlCacheBehavior [ RunTime:0.000501s ]
INFO: [ view_filter ] --END-- [ RunTime:0.000534s ]
INFO: [ app_end ] --START--
INFO: Run Behavior\ShowPageTraceBehavior [ RunTime:0.001659s ]
INFO: [ app_end ] --END-- [ RunTime:0.001766s ]

[ 2018-10-02T00:05:09+08:00 ] ::1 /tp02/index.php/Home/Index/index
INFO: [ app_init ] --START--
INFO: Run Behavior\BuildLiteBehavior [ RunTime:0.000022s ]
INFO: [ app_init ] --END-- [ RunTime:0.000517s ]
INFO: [ app_begin ] --START--
INFO: Run Behavior\ReadHtmlCacheBehavior [ RunTime:0.000675s ]
INFO: [ app_begin ] --END-- [ RunTime:0.000751s ]
SQL: SHOW COLUMNS FROM `tb_high_level` [ RunTime:0.0231s ]
SQL: SELECT * FROM `tb_high_level` WHERE `is_display` = 1 AND `layout` = 'left' ORDER BY sort asc  [ RunTime:0.0004s ]
SQL: SHOW COLUMNS FROM `tb_middle_level` [ RunTime:0.0053s ]
SQL: SELECT * FROM `tb_middle_level` WHERE `high_id` = 9  [ RunTime:0.0004s ]
SQL: SELECT * FROM `tb_middle_level` WHERE `high_id` = 10  [ RunTime:0.0004s ]
SQL: SELECT * FROM `tb_middle_level` WHERE `high_id` = 11  [ RunTime:0.0004s ]
SQL: SELECT * FROM `tb_middle_level` WHERE `high_id` = 12  [ RunTime:0.0004s ]
SQL: SELECT * FROM `tb_middle_level` WHERE `high_id` = 13  [ RunTime:0.0004s ]
SQL: SELECT * FROM `tb_middle_level` WHERE `is_recommend` = 1  [ RunTime:0.0004s ]
SQL: SHOW COLUMNS FROM `tb_datalist` [ RunTime:0.0053s ]
SQL: SELECT * FROM `tb_datalist` WHERE `middle_id` = 16  [ RunTime:0.0004s ]
SQL: SELECT * FROM `tb_datalist` WHERE `middle_id` = 18  [ RunTime:0.0004s ]
SQL: SELECT * FROM `tb_datalist` WHERE `middle_id` = 20  [ RunTime:0.0003s ]
SQL: SELECT * FROM `tb_datalist` WHERE `middle_id` = 24  [ RunTime:0.0004s ]
SQL: SELECT * FROM `tb_datalist` WHERE `middle_id` = 33  [ RunTime:0.0004s ]
SQL: SHOW COLUMNS FROM `tb_hot` [ RunTime:0.0052s ]
SQL: SELECT * FROM `tb_hot` WHERE `type` = 0 ORDER BY sort  [ RunTime:0.0005s ]
SQL: SELECT * FROM `tb_hot` WHERE `type` = 1 ORDER BY sort  [ RunTime:0.0004s ]
SQL: SELECT * FROM `tb_hot` WHERE `type` = 2 ORDER BY sort  [ RunTime:0.0004s ]
SQL: SELECT * FROM `tb_high_level` WHERE `is_display` = 1 AND `layout` = 'bottom' ORDER BY id asc  [ RunTime:0.0004s ]
SQL: SELECT * FROM `tb_datalist` WHERE `high_id` = 14 AND `is_recommend` = 1  [ RunTime:0.0005s ]
INFO: [ view_parse ] --START--
INFO: [ template_filter ] --START--
INFO: Run Behavior\ContentReplaceBehavior [ RunTime:0.000121s ]
INFO: [ template_filter ] --END-- [ RunTime:0.000185s ]
SQL: SELECT `middle_name` FROM `tb_middle_level` WHERE `id` = 16 LIMIT 1   [ RunTime:0.0004s ]
SQL: SELECT `middle_name` FROM `tb_middle_level` WHERE `id` = 18 LIMIT 1   [ RunTime:0.0004s ]
SQL: SELECT `middle_name` FROM `tb_middle_level` WHERE `id` = 20 LIMIT 1   [ RunTime:0.0003s ]
SQL: SELECT `middle_name` FROM `tb_middle_level` WHERE `id` = 24 LIMIT 1   [ RunTime:0.0003s ]
SQL: SELECT `middle_name` FROM `tb_middle_level` WHERE `id` = 33 LIMIT 1   [ RunTime:0.0003s ]
INFO: Run Behavior\ParseTemplateBehavior [ RunTime:0.017925s ]
INFO: [ view_parse ] --END-- [ RunTime:0.018008s ]
INFO: [ view_filter ] --START--
INFO: Run Behavior\WriteHtmlCacheBehavior [ RunTime:0.000277s ]
INFO: [ view_filter ] --END-- [ RunTime:0.000307s ]
INFO: [ app_end ] --START--
INFO: Run Behavior\ShowPageTraceBehavior [ RunTime:0.001122s ]
INFO: [ app_end ] --END-- [ RunTime:0.001236s ]

[ 2018-10-02T00:05:32+08:00 ] ::1 /tp02/index.php/Home/Index/index
INFO: [ app_init ] --START--
INFO: Run Behavior\BuildLiteBehavior [ RunTime:0.000014s ]
INFO: [ app_init ] --END-- [ RunTime:0.000423s ]
INFO: [ app_begin ] --START--
INFO: Run Behavior\ReadHtmlCacheBehavior [ RunTime:0.000706s ]
INFO: [ app_begin ] --END-- [ RunTime:0.000753s ]
SQL: SHOW COLUMNS FROM `tb_high_level` [ RunTime:0.0306s ]
SQL: SELECT * FROM `tb_high_level` WHERE `is_display` = 1 AND `layout` = 'left' ORDER BY sort asc  [ RunTime:0.0005s ]
SQL: SHOW COLUMNS FROM `tb_middle_level` [ RunTime:0.0045s ]
SQL: SELECT * FROM `tb_middle_level` WHERE `high_id` = 9  [ RunTime:0.0004s ]
SQL: SELECT * FROM `tb_middle_level` WHERE `high_id` = 10  [ RunTime:0.0004s ]
SQL: SELECT * FROM `tb_middle_level` WHERE `high_id` = 11  [ RunTime:0.0004s ]
SQL: SELECT * FROM `tb_middle_level` WHERE `high_id` = 12  [ RunTime:0.0004s ]
SQL: SELECT * FROM `tb_middle_level` WHERE `high_id` = 13  [ RunTime:0.0003s ]
SQL: SELECT * FROM `tb_middle_level` WHERE `is_recommend` = 1  [ RunTime:0.0003s ]
SQL: SHOW COLUMNS FROM `tb_datalist` [ RunTime:0.0050s ]
SQL: SELECT * FROM `tb_datalist` WHERE `middle_id` = 16  [ RunTime:0.0005s ]
SQL: SELECT * FROM `tb_datalist` WHERE `middle_id` = 18  [ RunTime:0.0005s ]
SQL: SELECT * FROM `tb_datalist` WHERE `middle_id` = 20  [ RunTime:0.0004s ]
SQL: SELECT * FROM `tb_datalist` WHERE `middle_id` = 24  [ RunTime:0.0005s ]
SQL: SELECT * FROM `tb_datalist` WHERE `middle_id` = 33  [ RunTime:0.0004s ]
SQL: SHOW COLUMNS FROM `tb_hot` [ RunTime:0.0048s ]
SQL: SELECT * FROM `tb_hot` WHERE `type` = 0 ORDER BY sort  [ RunTime:0.0005s ]
SQL: SELECT * FROM `tb_hot` WHERE `type` = 1 ORDER BY sort  [ RunTime:0.0004s ]
SQL: SELECT * FROM `tb_hot` WHERE `type` = 2 ORDER BY sort  [ RunTime:0.0003s ]
SQL: SELECT * FROM `tb_high_level` WHERE `is_display` = 1 AND `layout` = 'bottom' ORDER BY id asc  [ RunTime:0.0004s ]
SQL: SELECT * FROM `tb_datalist` WHERE `high_id` = 14 AND `is_recommend` = 1  [ RunTime:0.0003s ]
INFO: [ view_parse ] --START--
INFO: [ template_filter ] --START--
INFO: Run Behavior\ContentReplaceBehavior [ RunTime:0.000104s ]
INFO: [ template_filter ] --END-- [ RunTime:0.000150s ]
SQL: SELECT `middle_name` FROM `tb_middle_level` WHERE `id` = 16 LIMIT 1   [ RunTime:0.0004s ]
SQL: SELECT `middle_name` FROM `tb_middle_level` WHERE `id` = 18 LIMIT 1   [ RunTime:0.0003s ]
SQL: SELECT `middle_name` FROM `tb_middle_level` WHERE `id` = 20 LIMIT 1   [ RunTime:0.0003s ]
SQL: SELECT `middle_name` FROM `tb_middle_level` WHERE `id` = 24 LIMIT 1   [ RunTime:0.0004s ]
SQL: SELECT `middle_name` FROM `tb_middle_level` WHERE `id` = 33 LIMIT 1   [ RunTime:0.0004s ]
INFO: Run Behavior\ParseTemplateBehavior [ RunTime:0.019899s ]
INFO: [ view_parse ] --END-- [ RunTime:0.019958s ]
INFO: [ view_filter ] --START--
INFO: Run Behavior\WriteHtmlCacheBehavior [ RunTime:0.000664s ]
INFO: [ view_filter ] --END-- [ RunTime:0.000707s ]
INFO: [ app_end ] --START--
INFO: Run Behavior\ShowPageTraceBehavior [ RunTime:0.001377s ]
INFO: [ app_end ] --END-- [ RunTime:0.002364s ]

[ 2018-10-02T00:05:57+08:00 ] ::1 /tp02/index.php/Home/Index/index
INFO: [ app_init ] --START--
INFO: Run Behavior\BuildLiteBehavior [ RunTime:0.000034s ]
INFO: [ app_init ] --END-- [ RunTime:0.000424s ]
INFO: [ app_begin ] --START--
INFO: Run Behavior\ReadHtmlCacheBehavior [ RunTime:0.001168s ]
INFO: [ app_begin ] --END-- [ RunTime:0.001299s ]
SQL: SHOW COLUMNS FROM `tb_high_level` [ RunTime:0.0328s ]
SQL: SELECT * FROM `tb_high_level` WHERE `is_display` = 1 AND `layout` = 'left' ORDER BY sort asc  [ RunTime:0.0004s ]
SQL: SHOW COLUMNS FROM `tb_middle_level` [ RunTime:0.0068s ]
SQL: SELECT * FROM `tb_middle_level` WHERE `high_id` = 9  [ RunTime:0.0004s ]
SQL: SELECT * FROM `tb_middle_level` WHERE `high_id` = 10  [ RunTime:0.0004s ]
SQL: SELECT * FROM `tb_middle_level` WHERE `high_id` = 11  [ RunTime:0.0004s ]
SQL: SELECT * FROM `tb_middle_level` WHERE `high_id` = 12  [ RunTime:0.0004s ]
SQL: SELECT * FROM `tb_middle_level` WHERE `high_id` = 13  [ RunTime:0.0004s ]
SQL: SELECT * FROM `tb_middle_level` WHERE `is_recommend` = 1  [ RunTime:0.0003s ]
SQL: SHOW COLUMNS FROM `tb_datalist` [ RunTime:0.0051s ]
SQL: SELECT * FROM `tb_datalist` WHERE `middle_id` = 16  [ RunTime:0.0004s ]
SQL: SELECT * FROM `tb_datalist` WHERE `middle_id` = 18  [ RunTime:0.0004s ]
SQL: SELECT * FROM `tb_datalist` WHERE `middle_id` = 20  [ RunTime:0.0004s ]
SQL: SELECT * FROM `tb_datalist` WHERE `middle_id` = 24  [ RunTime:0.0015s ]
SQL: SELECT * FROM `tb_datalist` WHERE `middle_id` = 33  [ RunTime:0.0006s ]
SQL: SHOW COLUMNS FROM `tb_hot` [ RunTime:0.0050s ]
SQL: SELECT * FROM `tb_hot` WHERE `type` = 0 ORDER BY sort  [ RunTime:0.0004s ]
SQL: SELECT * FROM `tb_hot` WHERE `type` = 1 ORDER BY sort  [ RunTime:0.0004s ]
SQL: SELECT * FROM `tb_hot` WHERE `type` = 2 ORDER BY sort  [ RunTime:0.0004s ]
SQL: SELECT * FROM `tb_high_level` WHERE `is_display` = 1 AND `layout` = 'bottom' ORDER BY id asc  [ RunTime:0.0003s ]
SQL: SELECT * FROM `tb_datalist` WHERE `high_id` = 14 AND `is_recommend` = 1  [ RunTime:0.0004s ]
INFO: [ view_parse ] --START--
INFO: [ template_filter ] --START--
INFO: Run Behavior\ContentReplaceBehavior [ RunTime:0.000088s ]
INFO: [ template_filter ] --END-- [ RunTime:0.000132s ]
SQL: SELECT `middle_name` FROM `tb_middle_level` WHERE `id` = 16 LIMIT 1   [ RunTime:0.0004s ]
SQL: SELECT `middle_name` FROM `tb_middle_level` WHERE `id` = 18 LIMIT 1   [ RunTime:0.0003s ]
SQL: SELECT `middle_name` FROM `tb_middle_level` WHERE `id` = 20 LIMIT 1   [ RunTime:0.0004s ]
SQL: SELECT `middle_name` FROM `tb_middle_level` WHERE `id` = 24 LIMIT 1   [ RunTime:0.0003s ]
SQL: SELECT `middle_name` FROM `tb_middle_level` WHERE `id` = 33 LIMIT 1   [ RunTime:0.0003s ]
INFO: Run Behavior\ParseTemplateBehavior [ RunTime:0.021039s ]
INFO: [ view_parse ] --END-- [ RunTime:0.021089s ]
INFO: [ view_filter ] --START--
INFO: Run Behavior\WriteHtmlCacheBehavior [ RunTime:0.000693s ]
INFO: [ view_filter ] --END-- [ RunTime:0.000744s ]
INFO: [ app_end ] --START--
INFO: Run Behavior\ShowPageTraceBehavior [ RunTime:0.002593s ]
INFO: [ app_end ] --END-- [ RunTime:0.002746s ]

[ 2018-10-02T00:07:33+08:00 ] ::1 /tp02/index.php/Home/Index/index
INFO: [ app_init ] --START--
INFO: Run Behavior\BuildLiteBehavior [ RunTime:0.000012s ]
INFO: [ app_init ] --END-- [ RunTime:0.000356s ]
INFO: [ app_begin ] --START--
INFO: Run Behavior\ReadHtmlCacheBehavior [ RunTime:0.001113s ]
INFO: [ app_begin ] --END-- [ RunTime:0.001173s ]
SQL: SHOW COLUMNS FROM `tb_high_level` [ RunTime:0.0067s ]
SQL: SELECT * FROM `tb_high_level` WHERE `is_display` = 1 AND `layout` = 'left' ORDER BY sort asc  [ RunTime:0.0005s ]
SQL: SHOW COLUMNS FROM `tb_middle_level` [ RunTime:0.0065s ]
SQL: SELECT * FROM `tb_middle_level` WHERE `high_id` = 9  [ RunTime:0.0004s ]
SQL: SELECT * FROM `tb_middle_level` WHERE `high_id` = 10  [ RunTime:0.0004s ]
SQL: SELECT * FROM `tb_middle_level` WHERE `high_id` = 11  [ RunTime:0.0004s ]
SQL: SELECT * FROM `tb_middle_level` WHERE `high_id` = 12  [ RunTime:0.0003s ]
SQL: SELECT * FROM `tb_middle_level` WHERE `high_id` = 13  [ RunTime:0.0003s ]
SQL: SELECT * FROM `tb_middle_level` WHERE `is_recommend` = 1  [ RunTime:0.0003s ]
SQL: SHOW COLUMNS FROM `tb_datalist` [ RunTime:0.0047s ]
SQL: SELECT * FROM `tb_datalist` WHERE `middle_id` = 16  [ RunTime:0.0004s ]
SQL: SELECT * FROM `tb_datalist` WHERE `middle_id` = 18  [ RunTime:0.0004s ]
SQL: SELECT * FROM `tb_datalist` WHERE `middle_id` = 20  [ RunTime:0.0003s ]
SQL: SELECT * FROM `tb_datalist` WHERE `middle_id` = 24  [ RunTime:0.0003s ]
SQL: SELECT * FROM `tb_datalist` WHERE `middle_id` = 33  [ RunTime:0.0003s ]
SQL: SHOW COLUMNS FROM `tb_hot` [ RunTime:0.0064s ]
SQL: SELECT * FROM `tb_hot` WHERE `type` = 0 ORDER BY sort  [ RunTime:0.0004s ]
SQL: SELECT * FROM `tb_hot` WHERE `type` = 1 ORDER BY sort  [ RunTime:0.0004s ]
SQL: SELECT * FROM `tb_hot` WHERE `type` = 2 ORDER BY sort  [ RunTime:0.0004s ]
SQL: SELECT * FROM `tb_high_level` WHERE `is_display` = 1 AND `layout` = 'bottom' ORDER BY id asc  [ RunTime:0.0004s ]
SQL: SELECT * FROM `tb_datalist` WHERE `high_id` = 14 AND `is_recommend` = 1  [ RunTime:0.0004s ]
INFO: [ view_parse ] --START--
INFO: [ template_filter ] --START--
INFO: Run Behavior\ContentReplaceBehavior [ RunTime:0.000093s ]
INFO: [ template_filter ] --END-- [ RunTime:0.000141s ]
SQL: SELECT `middle_name` FROM `tb_middle_level` WHERE `id` = 16 LIMIT 1   [ RunTime:0.0004s ]
SQL: SELECT `middle_name` FROM `tb_middle_level` WHERE `id` = 18 LIMIT 1   [ RunTime:0.0003s ]
SQL: SELECT `middle_name` FROM `tb_middle_level` WHERE `id` = 20 LIMIT 1   [ RunTime:0.0002s ]
SQL: SELECT `middle_name` FROM `tb_middle_level` WHERE `id` = 24 LIMIT 1   [ RunTime:0.0003s ]
SQL: SELECT `middle_name` FROM `tb_middle_level` WHERE `id` = 33 LIMIT 1   [ RunTime:0.0004s ]
INFO: Run Behavior\ParseTemplateBehavior [ RunTime:0.020078s ]
INFO: [ view_parse ] --END-- [ RunTime:0.020116s ]
INFO: [ view_filter ] --START--
INFO: Run Behavior\WriteHtmlCacheBehavior [ RunTime:0.000561s ]
INFO: [ view_filter ] --END-- [ RunTime:0.000593s ]
INFO: [ app_end ] --START--
INFO: Run Behavior\ShowPageTraceBehavior [ RunTime:0.001592s ]
INFO: [ app_end ] --END-- [ RunTime:0.001692s ]

[ 2018-10-02T00:08:06+08:00 ] ::1 /tp02/index.php/Home/Index/index
INFO: [ app_init ] --START--
INFO: Run Behavior\BuildLiteBehavior [ RunTime:0.000012s ]
INFO: [ app_init ] --END-- [ RunTime:0.000353s ]
INFO: [ app_begin ] --START--
INFO: Run Behavior\ReadHtmlCacheBehavior [ RunTime:0.001235s ]
INFO: [ app_begin ] --END-- [ RunTime:0.001379s ]
SQL: SHOW COLUMNS FROM `tb_high_level` [ RunTime:0.0363s ]
SQL: SELECT * FROM `tb_high_level` WHERE `is_display` = 1 AND `layout` = 'left' ORDER BY sort asc  [ RunTime:0.0005s ]
SQL: SHOW COLUMNS FROM `tb_middle_level` [ RunTime:0.0043s ]
SQL: SELECT * FROM `tb_middle_level` WHERE `high_id` = 9  [ RunTime:0.0004s ]
SQL: SELECT * FROM `tb_middle_level` WHERE `high_id` = 10  [ RunTime:0.0003s ]
SQL: SELECT * FROM `tb_middle_level` WHERE `high_id` = 11  [ RunTime:0.0003s ]
SQL: SELECT * FROM `tb_middle_level` WHERE `high_id` = 12  [ RunTime:0.0003s ]
SQL: SELECT * FROM `tb_middle_level` WHERE `high_id` = 13  [ RunTime:0.0003s ]
SQL: SELECT * FROM `tb_middle_level` WHERE `is_recommend` = 1  [ RunTime:0.0003s ]
SQL: SHOW COLUMNS FROM `tb_datalist` [ RunTime:0.0059s ]
SQL: SELECT * FROM `tb_datalist` WHERE `middle_id` = 16  [ RunTime:0.0004s ]
SQL: SELECT * FROM `tb_datalist` WHERE `middle_id` = 18  [ RunTime:0.0003s ]
SQL: SELECT * FROM `tb_datalist` WHERE `middle_id` = 20  [ RunTime:0.0003s ]
SQL: SELECT * FROM `tb_datalist` WHERE `middle_id` = 24  [ RunTime:0.0003s ]
SQL: SELECT * FROM `tb_datalist` WHERE `middle_id` = 33  [ RunTime:0.0003s ]
SQL: SHOW COLUMNS FROM `tb_hot` [ RunTime:0.0050s ]
SQL: SELECT * FROM `tb_hot` WHERE `type` = 0 ORDER BY sort  [ RunTime:0.0004s ]
SQL: SELECT * FROM `tb_hot` WHERE `type` = 1 ORDER BY sort  [ RunTime:0.0003s ]
SQL: SELECT * FROM `tb_hot` WHERE `type` = 2 ORDER BY sort  [ RunTime:0.0004s ]
SQL: SELECT * FROM `tb_high_level` WHERE `is_display` = 1 AND `layout` = 'bottom' ORDER BY id asc  [ RunTime:0.0003s ]
SQL: SELECT * FROM `tb_datalist` WHERE `high_id` = 14 AND `is_recommend` = 1  [ RunTime:0.0004s ]
INFO: [ view_parse ] --START--
INFO: [ template_filter ] --START--
INFO: Run Behavior\ContentReplaceBehavior [ RunTime:0.000090s ]
INFO: [ template_filter ] --END-- [ RunTime:0.000137s ]
SQL: SELECT `middle_name` FROM `tb_middle_level` WHERE `id` = 16 LIMIT 1   [ RunTime:0.0004s ]
SQL: SELECT `middle_name` FROM `tb_middle_level` WHERE `id` = 18 LIMIT 1   [ RunTime:0.0005s ]
SQL: SELECT `middle_name` FROM `tb_middle_level` WHERE `id` = 20 LIMIT 1   [ RunTime:0.0003s ]
SQL: SELECT `middle_name` FROM `tb_middle_level` WHERE `id` = 24 LIMIT 1   [ RunTime:0.0003s ]
SQL: SELECT `middle_name` FROM `tb_middle_level` WHERE `id` = 33 LIMIT 1   [ RunTime:0.0003s ]
INFO: Run Behavior\ParseTemplateBehavior [ RunTime:0.020133s ]
INFO: [ view_parse ] --END-- [ RunTime:0.020170s ]
INFO: [ view_filter ] --START--
INFO: Run Behavior\WriteHtmlCacheBehavior [ RunTime:0.000577s ]
INFO: [ view_filter ] --END-- [ RunTime:0.000610s ]
INFO: [ app_end ] --START--
INFO: Run Behavior\ShowPageTraceBehavior [ RunTime:0.001526s ]
INFO: [ app_end ] --END-- [ RunTime:0.001626s ]

[ 2018-10-02T00:12:23+08:00 ] ::1 /tp02/index.php/Home/Index/index
INFO: [ app_init ] --START--
INFO: Run Behavior\BuildLiteBehavior [ RunTime:0.000013s ]
INFO: [ app_init ] --END-- [ RunTime:0.000364s ]
INFO: [ app_begin ] --START--
INFO: Run Behavior\ReadHtmlCacheBehavior [ RunTime:0.001452s ]
INFO: [ app_begin ] --END-- [ RunTime:0.001538s ]
SQL: SHOW COLUMNS FROM `tb_high_level` [ RunTime:0.0349s ]
SQL: SELECT * FROM `tb_high_level` WHERE `is_display` = 1 AND `layout` = 'left' ORDER BY sort asc  [ RunTime:0.0004s ]
SQL: SHOW COLUMNS FROM `tb_middle_level` [ RunTime:0.0053s ]
SQL: SELECT * FROM `tb_middle_level` WHERE `high_id` = 9  [ RunTime:0.0004s ]
SQL: SELECT * FROM `tb_middle_level` WHERE `high_id` = 10  [ RunTime:0.0004s ]
SQL: SELECT * FROM `tb_middle_level` WHERE `high_id` = 11  [ RunTime:0.0004s ]
SQL: SELECT * FROM `tb_middle_level` WHERE `high_id` = 12  [ RunTime:0.0004s ]
SQL: SELECT * FROM `tb_middle_level` WHERE `high_id` = 13  [ RunTime:0.0003s ]
SQL: SELECT * FROM `tb_middle_level` WHERE `is_recommend` = 1  [ RunTime:0.0004s ]
SQL: SHOW COLUMNS FROM `tb_datalist` [ RunTime:0.0050s ]
SQL: SELECT * FROM `tb_datalist` WHERE `middle_id` = 16  [ RunTime:0.0004s ]
SQL: SELECT * FROM `tb_datalist` WHERE `middle_id` = 18  [ RunTime:0.0003s ]
SQL: SELECT * FROM `tb_datalist` WHERE `middle_id` = 20  [ RunTime:0.0003s ]
SQL: SELECT * FROM `tb_datalist` WHERE `middle_id` = 24  [ RunTime:0.0003s ]
SQL: SELECT * FROM `tb_datalist` WHERE `middle_id` = 33  [ RunTime:0.0003s ]
SQL: SHOW COLUMNS FROM `tb_hot` [ RunTime:0.0043s ]
SQL: SELECT * FROM `tb_hot` WHERE `type` = 0 ORDER BY sort  [ RunTime:0.0005s ]
SQL: SELECT * FROM `tb_hot` WHERE `type` = 1 ORDER BY sort  [ RunTime:0.0003s ]
SQL: SELECT * FROM `tb_hot` WHERE `type` = 2 ORDER BY sort  [ RunTime:0.0004s ]
SQL: SELECT * FROM `tb_high_level` WHERE `is_display` = 1 AND `layout` = 'bottom' ORDER BY id asc  [ RunTime:0.0003s ]
SQL: SELECT * FROM `tb_datalist` WHERE `high_id` = 14 AND `is_recommend` = 1  [ RunTime:0.0004s ]
INFO: [ view_parse ] --START--
INFO: [ template_filter ] --START--
INFO: Run Behavior\ContentReplaceBehavior [ RunTime:0.000087s ]
INFO: [ template_filter ] --END-- [ RunTime:0.000161s ]
SQL: SELECT `middle_name` FROM `tb_middle_level` WHERE `id` = 16 LIMIT 1   [ RunTime:0.0004s ]
SQL: SELECT `middle_name` FROM `tb_middle_level` WHERE `id` = 18 LIMIT 1   [ RunTime:0.0003s ]
SQL: SELECT `middle_name` FROM `tb_middle_level` WHERE `id` = 20 LIMIT 1   [ RunTime:0.0004s ]
SQL: SELECT `middle_name` FROM `tb_middle_level` WHERE `id` = 24 LIMIT 1   [ RunTime:0.0003s ]
SQL: SELECT `middle_name` FROM `tb_middle_level` WHERE `id` = 33 LIMIT 1   [ RunTime:0.0003s ]
INFO: Run Behavior\ParseTemplateBehavior [ RunTime:0.018879s ]
INFO: [ view_parse ] --END-- [ RunTime:0.018919s ]
INFO: [ view_filter ] --START--
INFO: Run Behavior\WriteHtmlCacheBehavior [ RunTime:0.000575s ]
INFO: [ view_filter ] --END-- [ RunTime:0.000610s ]
INFO: [ app_end ] --START--
INFO: Run Behavior\ShowPageTraceBehavior [ RunTime:0.001400s ]
INFO: [ app_end ] --END-- [ RunTime:0.001490s ]

[ 2018-10-02T00:13:29+08:00 ] ::1 /tp02/index.php/Home/Index/index
INFO: [ app_init ] --START--
INFO: Run Behavior\BuildLiteBehavior [ RunTime:0.000014s ]
INFO: [ app_init ] --END-- [ RunTime:0.000399s ]
INFO: [ app_begin ] --START--
INFO: Run Behavior\ReadHtmlCacheBehavior [ RunTime:0.000828s ]
INFO: [ app_begin ] --END-- [ RunTime:0.000884s ]
SQL: SHOW COLUMNS FROM `tb_high_level` [ RunTime:0.0166s ]
SQL: SELECT * FROM `tb_high_level` WHERE `is_display` = 1 AND `layout` = 'left' ORDER BY sort asc  [ RunTime:0.0005s ]
SQL: SHOW COLUMNS FROM `tb_middle_level` [ RunTime:0.0059s ]
SQL: SELECT * FROM `tb_middle_level` WHERE `high_id` = 9  [ RunTime:0.0004s ]
SQL: SELECT * FROM `tb_middle_level` WHERE `high_id` = 10  [ RunTime:0.0003s ]
SQL: SELECT * FROM `tb_middle_level` WHERE `high_id` = 11  [ RunTime:0.0004s ]
SQL: SELECT * FROM `tb_middle_level` WHERE `high_id` = 12  [ RunTime:0.0004s ]
SQL: SELECT * FROM `tb_middle_level` WHERE `high_id` = 13  [ RunTime:0.0003s ]
SQL: SELECT * FROM `tb_middle_level` WHERE `is_recommend` = 1  [ RunTime:0.0003s ]
SQL: SHOW COLUMNS FROM `tb_datalist` [ RunTime:0.0057s ]
SQL: SELECT * FROM `tb_datalist` WHERE `middle_id` = 16  [ RunTime:0.0004s ]
SQL: SELECT * FROM `tb_datalist` WHERE `middle_id` = 18  [ RunTime:0.0004s ]
SQL: SELECT * FROM `tb_datalist` WHERE `middle_id` = 20  [ RunTime:0.0003s ]
SQL: SELECT * FROM `tb_datalist` WHERE `middle_id` = 24  [ RunTime:0.0004s ]
SQL: SELECT * FROM `tb_datalist` WHERE `middle_id` = 33  [ RunTime:0.0003s ]
SQL: SHOW COLUMNS FROM `tb_hot` [ RunTime:0.0058s ]
SQL: SELECT * FROM `tb_hot` WHERE `type` = 0 ORDER BY sort  [ RunTime:0.0004s ]
SQL: SELECT * FROM `tb_hot` WHERE `type` = 1 ORDER BY sort  [ RunTime:0.0004s ]
SQL: SELECT * FROM `tb_hot` WHERE `type` = 2 ORDER BY sort  [ RunTime:0.0004s ]
SQL: SELECT * FROM `tb_high_level` WHERE `is_display` = 1 AND `layout` = 'bottom' ORDER BY id asc  [ RunTime:0.0003s ]
SQL: SELECT * FROM `tb_datalist` WHERE `high_id` = 14 AND `is_recommend` = 1  [ RunTime:0.0004s ]
INFO: [ view_parse ] --START--
INFO: [ template_filter ] --START--
INFO: Run Behavior\ContentReplaceBehavior [ RunTime:0.000090s ]
INFO: [ template_filter ] --END-- [ RunTime:0.000134s ]
SQL: SELECT `middle_name` FROM `tb_middle_level` WHERE `id` = 16 LIMIT 1   [ RunTime:0.0004s ]
SQL: SELECT `middle_name` FROM `tb_middle_level` WHERE `id` = 18 LIMIT 1   [ RunTime:0.0003s ]
SQL: SELECT `middle_name` FROM `tb_middle_level` WHERE `id` = 20 LIMIT 1   [ RunTime:0.0003s ]
SQL: SELECT `middle_name` FROM `tb_middle_level` WHERE `id` = 24 LIMIT 1   [ RunTime:0.0003s ]
SQL: SELECT `middle_name` FROM `tb_middle_level` WHERE `id` = 33 LIMIT 1   [ RunTime:0.0003s ]
INFO: Run Behavior\ParseTemplateBehavior [ RunTime:0.018733s ]
INFO: [ view_parse ] --END-- [ RunTime:0.018771s ]
INFO: [ view_filter ] --START--
INFO: Run Behavior\WriteHtmlCacheBehavior [ RunTime:0.000631s ]
INFO: [ view_filter ] --END-- [ RunTime:0.000681s ]
INFO: [ app_end ] --START--
INFO: Run Behavior\ShowPageTraceBehavior [ RunTime:0.001522s ]
INFO: [ app_end ] --END-- [ RunTime:0.001616s ]

[ 2018-10-02T00:16:38+08:00 ] ::1 /tp02/index.php/Home/Index/index
INFO: [ app_init ] --START--
INFO: Run Behavior\BuildLiteBehavior [ RunTime:0.000015s ]
INFO: [ app_init ] --END-- [ RunTime:0.000646s ]
INFO: [ app_begin ] --START--
INFO: Run Behavior\ReadHtmlCacheBehavior [ RunTime:0.000706s ]
INFO: [ app_begin ] --END-- [ RunTime:0.000755s ]
SQL: SHOW COLUMNS FROM `tb_high_level` [ RunTime:0.0063s ]
SQL: SELECT * FROM `tb_high_level` WHERE `is_display` = 1 AND `layout` = 'left' ORDER BY sort asc  [ RunTime:0.0005s ]
SQL: SHOW COLUMNS FROM `tb_middle_level` [ RunTime:0.0048s ]
SQL: SELECT * FROM `tb_middle_level` WHERE `high_id` = 9  [ RunTime:0.0004s ]
SQL: SELECT * FROM `tb_middle_level` WHERE `high_id` = 10  [ RunTime:0.0004s ]
SQL: SELECT * FROM `tb_middle_level` WHERE `high_id` = 11  [ RunTime:0.0003s ]
SQL: SELECT * FROM `tb_middle_level` WHERE `high_id` = 12  [ RunTime:0.0003s ]
SQL: SELECT * FROM `tb_middle_level` WHERE `high_id` = 13  [ RunTime:0.0003s ]
SQL: SELECT * FROM `tb_middle_level` WHERE `is_recommend` = 1  [ RunTime:0.0004s ]
SQL: SHOW COLUMNS FROM `tb_datalist` [ RunTime:0.0048s ]
SQL: SELECT * FROM `tb_datalist` WHERE `middle_id` = 16  [ RunTime:0.0004s ]
SQL: SELECT * FROM `tb_datalist` WHERE `middle_id` = 18  [ RunTime:0.0004s ]
SQL: SELECT * FROM `tb_datalist` WHERE `middle_id` = 20  [ RunTime:0.0003s ]
SQL: SELECT * FROM `tb_datalist` WHERE `middle_id` = 24  [ RunTime:0.0004s ]
SQL: SELECT * FROM `tb_datalist` WHERE `middle_id` = 33  [ RunTime:0.0004s ]
SQL: SHOW COLUMNS FROM `tb_hot` [ RunTime:0.0054s ]
SQL: SELECT * FROM `tb_hot` WHERE `type` = 0 ORDER BY sort  [ RunTime:0.0005s ]
SQL: SELECT * FROM `tb_hot` WHERE `type` = 1 ORDER BY sort  [ RunTime:0.0004s ]
SQL: SELECT * FROM `tb_hot` WHERE `type` = 2 ORDER BY sort  [ RunTime:0.0006s ]
SQL: SELECT * FROM `tb_high_level` WHERE `is_display` = 1 AND `layout` = 'bottom' ORDER BY id asc  [ RunTime:0.0004s ]
SQL: SELECT * FROM `tb_datalist` WHERE `high_id` = 14 AND `is_recommend` = 1  [ RunTime:0.0004s ]
INFO: [ view_parse ] --START--
INFO: [ template_filter ] --START--
INFO: Run Behavior\ContentReplaceBehavior [ RunTime:0.000087s ]
INFO: [ template_filter ] --END-- [ RunTime:0.000131s ]
SQL: SELECT `middle_name` FROM `tb_middle_level` WHERE `id` = 16 LIMIT 1   [ RunTime:0.0004s ]
SQL: SELECT `middle_name` FROM `tb_middle_level` WHERE `id` = 18 LIMIT 1   [ RunTime:0.0003s ]
SQL: SELECT `middle_name` FROM `tb_middle_level` WHERE `id` = 20 LIMIT 1   [ RunTime:0.0003s ]
SQL: SELECT `middle_name` FROM `tb_middle_level` WHERE `id` = 24 LIMIT 1   [ RunTime:0.0003s ]
SQL: SELECT `middle_name` FROM `tb_middle_level` WHERE `id` = 33 LIMIT 1   [ RunTime:0.0003s ]
INFO: Run Behavior\ParseTemplateBehavior [ RunTime:0.019565s ]
INFO: [ view_parse ] --END-- [ RunTime:0.019602s ]
INFO: [ view_filter ] --START--
INFO: Run Behavior\WriteHtmlCacheBehavior [ RunTime:0.000471s ]
INFO: [ view_filter ] --END-- [ RunTime:0.000503s ]
INFO: [ app_end ] --START--
INFO: Run Behavior\ShowPageTraceBehavior [ RunTime:0.001252s ]
INFO: [ app_end ] --END-- [ RunTime:0.001338s ]

[ 2018-10-02T00:27:13+08:00 ] ::1 /tp02/index.php/Home/Index/index
INFO: [ app_init ] --START--
INFO: Run Behavior\BuildLiteBehavior [ RunTime:0.000404s ]
INFO: [ app_init ] --END-- [ RunTime:0.002335s ]
INFO: [ app_begin ] --START--
INFO: Run Behavior\ReadHtmlCacheBehavior [ RunTime:0.000831s ]
INFO: [ app_begin ] --END-- [ RunTime:0.000958s ]
SQL: SHOW COLUMNS FROM `tb_high_level` [ RunTime:0.0704s ]
SQL: SELECT * FROM `tb_high_level` WHERE `is_display` = 1 AND `layout` = 'left' ORDER BY sort asc  [ RunTime:0.0004s ]
SQL: SHOW COLUMNS FROM `tb_middle_level` [ RunTime:0.0494s ]
SQL: SELECT * FROM `tb_middle_level` WHERE `high_id` = 9  [ RunTime:0.0003s ]
SQL: SELECT * FROM `tb_middle_level` WHERE `high_id` = 10  [ RunTime:0.0004s ]
SQL: SELECT * FROM `tb_middle_level` WHERE `high_id` = 11  [ RunTime:0.0004s ]
SQL: SELECT * FROM `tb_middle_level` WHERE `high_id` = 12  [ RunTime:0.0004s ]
SQL: SELECT * FROM `tb_middle_level` WHERE `high_id` = 13  [ RunTime:0.0003s ]
SQL: SELECT * FROM `tb_middle_level` WHERE `is_recommend` = 1  [ RunTime:0.0003s ]
SQL: SHOW COLUMNS FROM `tb_datalist` [ RunTime:0.0045s ]
SQL: SELECT * FROM `tb_datalist` WHERE `middle_id` = 16  [ RunTime:0.0005s ]
SQL: SELECT * FROM `tb_datalist` WHERE `middle_id` = 18  [ RunTime:0.0005s ]
SQL: SELECT * FROM `tb_datalist` WHERE `middle_id` = 20  [ RunTime:0.0004s ]
SQL: SELECT * FROM `tb_datalist` WHERE `middle_id` = 24  [ RunTime:0.0004s ]
SQL: SELECT * FROM `tb_datalist` WHERE `middle_id` = 33  [ RunTime:0.0004s ]
SQL: SHOW COLUMNS FROM `tb_hot` [ RunTime:0.0037s ]
SQL: SELECT * FROM `tb_hot` WHERE `type` = 0 ORDER BY sort  [ RunTime:0.0005s ]
SQL: SELECT * FROM `tb_hot` WHERE `type` = 1 ORDER BY sort  [ RunTime:0.0004s ]
SQL: SELECT * FROM `tb_hot` WHERE `type` = 2 ORDER BY sort  [ RunTime:0.0005s ]
SQL: SELECT * FROM `tb_high_level` WHERE `is_display` = 1 AND `layout` = 'bottom' ORDER BY id asc  [ RunTime:0.0004s ]
SQL: SELECT * FROM `tb_datalist` WHERE `high_id` = 14 AND `is_recommend` = 1  [ RunTime:0.0004s ]
INFO: [ view_parse ] --START--
INFO: [ template_filter ] --START--
INFO: Run Behavior\ContentReplaceBehavior [ RunTime:0.000115s ]
INFO: [ template_filter ] --END-- [ RunTime:0.000235s ]
SQL: SELECT `middle_name` FROM `tb_middle_level` WHERE `id` = 16 LIMIT 1   [ RunTime:0.0005s ]
SQL: SELECT `middle_name` FROM `tb_middle_level` WHERE `id` = 18 LIMIT 1   [ RunTime:0.0003s ]
SQL: SELECT `middle_name` FROM `tb_middle_level` WHERE `id` = 20 LIMIT 1   [ RunTime:0.0003s ]
SQL: SELECT `middle_name` FROM `tb_middle_level` WHERE `id` = 24 LIMIT 1   [ RunTime:0.0004s ]
SQL: SELECT `middle_name` FROM `tb_middle_level` WHERE `id` = 33 LIMIT 1   [ RunTime:0.0003s ]
INFO: Run Behavior\ParseTemplateBehavior [ RunTime:0.045959s ]
INFO: [ view_parse ] --END-- [ RunTime:0.046105s ]
INFO: [ view_filter ] --START--
INFO: Run Behavior\WriteHtmlCacheBehavior [ RunTime:0.000719s ]
INFO: [ view_filter ] --END-- [ RunTime:0.000883s ]
INFO: [ app_end ] --START--
INFO: Run Behavior\ShowPageTraceBehavior [ RunTime:0.001529s ]
INFO: [ app_end ] --END-- [ RunTime:0.001772s ]

[ 2018-10-02T00:27:14+08:00 ] ::1 /tp02/index.php/Home/Index/favicon.ico
INFO: [ app_init ] --START--
INFO: Run Behavior\BuildLiteBehavior [ RunTime:0.000026s ]
INFO: [ app_init ] --END-- [ RunTime:0.000453s ]

